<?xml version="1.0" encoding="UTF-8"?>
<!-- Generated by org.testng.reporters.JUnitXMLReporter -->
<testsuite ignored="0" hostname="DESKTOP-M52C5GM" failures="0" tests="1" name="Test-2" time="14.052" errors="0" timestamp="2023-05-30T22:44:09 BDT">
  <testcase classname="kacademy.multiBrowserTest" name="titleCheck" time="11.828"/>
</testsuite> <!-- Test-2 -->
