<?xml version="1.0" encoding="UTF-8"?>
<!-- Generated by org.testng.reporters.JUnitXMLReporter -->
<testsuite ignored="0" hostname="DESKTOP-M52C5GM" failures="0" tests="1" name="Test-1" time="34.718" errors="0" timestamp="2023-05-30T22:44:30 BDT">
  <testcase classname="kacademy.multiBrowserTest" name="titleCheck" time="32.747"/>
</testsuite> <!-- Test-1 -->
