<?xml version="1.0" encoding="UTF-8"?>
<!-- Generated by org.testng.reporters.JUnitReportReporter -->
<testsuite hostname="DESKTOP-M52C5GM" failures="0" tests="3" name="kacademy.multiBrowserTest" time="61.277" errors="0" timestamp="2023-05-30T22:45:57 BDT" skipped="0">
  <testcase classname="kacademy.multiBrowserTest" name="titleCheck" time="16.702"/>
  <testcase classname="kacademy.multiBrowserTest" name="titleCheck" time="11.828"/>
  <testcase classname="kacademy.multiBrowserTest" name="titleCheck" time="32.747"/>
</testsuite> <!-- kacademy.multiBrowserTest -->
