<?xml version="1.0" encoding="UTF-8"?>
<!-- Generated by org.testng.reporters.JUnitReportReporter -->
<testsuite hostname="DESKTOP-M52C5GM" failures="0" tests="3" name="kacademy.multiBrowserTest2" time="130.078" errors="0" timestamp="2023-05-30T22:45:57 BDT" skipped="0">
  <testcase classname="kacademy.multiBrowserTest2" name="titleCheckBci" time="11.803"/>
  <testcase classname="kacademy.multiBrowserTest2" name="titleCheckBci" time="29.278"/>
  <testcase classname="kacademy.multiBrowserTest2" name="titleCheckBci" time="88.997"/>
</testsuite> <!-- kacademy.multiBrowserTest2 -->
